# JRE version: OpenJDK Runtime Environment (19.0.1+10) (build 19.0.1+10-21)
# Java VM: OpenJDK 64-Bit Server VM (19.0.1+10-21, mixed mode, sharing, tiered, compressed oops, compressed class ptrs, g1 gc, windows-amd64)
GC Precious Log:
 CardTable entry size: 512
 Card Set container configuration: InlinePtr #cards 5 size 8 Array Of Cards #cards 12 size 40 Howl #buckets 4 coarsen threshold 1843 Howl Bitmap #cards 512 size 80 coarsen threshold 460 Card regions per heap region 1 cards per card region 2048
 CPUs: 4 total, 4 available
 Memory: 7158M
 Large Page Support: Disabled
 NUMA Support: Disabled
 Compressed Oops: Enabled (32-bit)
 Heap Region Size: 1M
 Heap Min Capacity: 8M
 Heap Initial Capacity: 112M
 Heap Max Capacity: 1790M
 Pre-touch: Disabled
 Parallel Workers: 4
 Concurrent Workers: 1
 Concurrent Refinement Workers: 4
 Periodic GC: Disabled
Heap:
 garbage-first heap   total 45056K, used 28021K [0x0000000090200000, 0x0000000100000000)
  region size 1024K, 6 young (6144K), 2 survivors (2048K)
 Metaspace       used 27608K, committed 27968K, reserved 1114112K
  class space    used 3400K, committed 3584K, reserved 1048576K
GC Heap History (18 events):
Event: 0.398 GC heap before
{Heap before GC invocations=0 (full 0):
 garbage-first heap   total 114688K, used 13312K [0x0000000090200000, 0x0000000100000000)
  region size 1024K, 13 young (13312K), 0 survivors (0K)
 Metaspace       used 2626K, committed 2816K, reserved 1114112K
  class space    used 265K, committed 320K, reserved 1048576K
}
Event: 0.401 GC heap after
{Heap after GC invocations=1 (full 0):
 garbage-first heap   total 114688K, used 1876K [0x0000000090200000, 0x0000000100000000)
  region size 1024K, 2 young (2048K), 2 survivors (2048K)
 Metaspace       used 2626K, committed 2816K, reserved 1114112K
  class space    used 265K, committed 320K, reserved 1048576K
}
Event: 0.789 GC heap before
{Heap before GC invocations=1 (full 0):
 garbage-first heap   total 114688K, used 18260K [0x0000000090200000, 0x0000000100000000)
  region size 1024K, 19 young (19456K), 2 survivors (2048K)
 Metaspace       used 8372K, committed 8576K, reserved 1114112K
  class space    used 1026K, committed 1152K, reserved 1048576K
}
Event: 0.792 GC heap after
{Heap after GC invocations=2 (full 0):
 garbage-first heap   total 114688K, used 4550K [0x0000000090200000, 0x0000000100000000)
  region size 1024K, 3 young (3072K), 3 survivors (3072K)
 Metaspace       used 8372K, committed 8576K, reserved 1114112K
  class space    used 1026K, committed 1152K, reserved 1048576K
}
Event: 28.623 GC heap before
{Heap before GC invocations=2 (full 0):
 garbage-first heap   total 114688K, used 38342K [0x0000000090200000, 0x0000000100000000)
  region size 1024K, 36 young (36864K), 3 survivors (3072K)
 Metaspace       used 21191K, committed 21504K, reserved 1114112K
  class space    used 2607K, committed 2752K, reserved 1048576K
}
Event: 28.630 GC heap after
{Heap after GC invocations=3 (full 0):
 garbage-first heap   total 114688K, used 11788K [0x0000000090200000, 0x0000000100000000)
  region size 1024K, 8 young (8192K), 8 survivors (8192K)
 Metaspace       used 21191K, committed 21504K, reserved 1114112K
  class space    used 2607K, committed 2752K, reserved 1048576K
}
Event: 29.019 GC heap before
{Heap before GC invocations=4 (full 0):
 garbage-first heap   total 45056K, used 30220K [0x0000000090200000, 0x0000000100000000)
  region size 1024K, 26 young (26624K), 8 survivors (8192K)
 Metaspace       used 24317K, committed 24704K, reserved 1114112K
  class space    used 3139K, committed 3328K, reserved 1048576K
}
Event: 29.030 GC heap after
{Heap after GC invocations=5 (full 0):
 garbage-first heap   total 45056K, used 15302K [0x0000000090200000, 0x0000000100000000)
  region size 1024K, 4 young (4096K), 4 survivors (4096K)
 Metaspace       used 24317K, committed 24704K, reserved 1114112K
  class space    used 3139K, committed 3328K, reserved 1048576K
}
Event: 29.046 GC heap before
{Heap before GC invocations=5 (full 0):
 garbage-first heap   total 45056K, used 16326K [0x0000000090200000, 0x0000000100000000)
  region size 1024K, 5 young (5120K), 4 survivors (4096K)
 Metaspace       used 24343K, committed 24768K, reserved 1114112K
  class space    used 3139K, committed 3328K, reserved 1048576K
}
Event: 29.055 GC heap after
{Heap after GC invocations=6 (full 0):
 garbage-first heap   total 45056K, used 15764K [0x0000000090200000, 0x0000000100000000)
  region size 1024K, 1 young (1024K), 1 survivors (1024K)
 Metaspace       used 24343K, committed 24768K, reserved 1114112K
  class space    used 3139K, committed 3328K, reserved 1048576K
}
Event: 44.575 GC heap before
{Heap before GC invocations=6 (full 0):
 garbage-first heap   total 45056K, used 30100K [0x0000000090200000, 0x0000000100000000)
  region size 1024K, 15 young (15360K), 1 survivors (1024K)
 Metaspace       used 26035K, committed 26432K, reserved 1114112K
  class space    used 3314K, committed 3520K, reserved 1048576K
}
Event: 44.582 GC heap after
{Heap after GC invocations=7 (full 0):
 garbage-first heap   total 45056K, used 18647K [0x0000000090200000, 0x0000000100000000)
  region size 1024K, 2 young (2048K), 2 survivors (2048K)
 Metaspace       used 26035K, committed 26432K, reserved 1114112K
  class space    used 3314K, committed 3520K, reserved 1048576K
}
Event: 270.448 GC heap before
{Heap before GC invocations=7 (full 0):
 garbage-first heap   total 45056K, used 29911K [0x0000000090200000, 0x0000000100000000)
  region size 1024K, 14 young (14336K), 2 survivors (2048K)
 Metaspace       used 26655K, committed 27072K, reserved 1114112K
  class space    used 3319K, committed 3520K, reserved 1048576K
}
Event: 270.453 GC heap after
{Heap after GC invocations=8 (full 0):
 garbage-first heap   total 45056K, used 19591K [0x0000000090200000, 0x0000000100000000)
  region size 1024K, 2 young (2048K), 2 survivors (2048K)
 Metaspace       used 26655K, committed 27072K, reserved 1114112K
  class space    used 3319K, committed 3520K, reserved 1048576K
}
Event: 302.004 GC heap before
{Heap before GC invocations=8 (full 0):
 garbage-first heap   total 45056K, used 31879K [0x0000000090200000, 0x0000000100000000)
  region size 1024K, 14 young (14336K), 2 survivors (2048K)
 Metaspace       used 27262K, committed 27648K, reserved 1114112K
  class space    used 3368K, committed 3584K, reserved 1048576K
}
Event: 302.007 GC heap after
{Heap after GC invocations=9 (full 0):
 garbage-first heap   total 45056K, used 20460K [0x0000000090200000, 0x0000000100000000)
  region size 1024K, 2 young (2048K), 2 survivors (2048K)
 Metaspace       used 27262K, committed 27648K, reserved 1114112K
  class space    used 3368K, committed 3584K, reserved 1048576K
}
Event: 302.776 GC heap before
{Heap before GC invocations=9 (full 0):
 garbage-first heap   total 45056K, used 32748K [0x0000000090200000, 0x0000000100000000)
  region size 1024K, 14 young (14336K), 2 survivors (2048K)
 Metaspace       used 27382K, committed 27840K, reserved 1114112K
  class space    used 3368K, committed 3584K, reserved 1048576K
}
Event: 302.785 GC heap after
{Heap after GC invocations=10 (full 0):
 garbage-first heap   total 45056K, used 24949K [0x0000000090200000, 0x0000000100000000)
  region size 1024K, 2 young (2048K), 2 survivors (2048K)
 Metaspace       used 27382K, committed 27840K, reserved 1114112K
  class space    used 3368K, committed 3584K, reserved 1048576K
}

