# JRE version: OpenJDK Runtime Environment (19.0.1+10) (build 19.0.1+10-21)
# Java VM: OpenJDK 64-Bit Server VM (19.0.1+10-21, mixed mode, sharing, tiered, compressed oops, compressed class ptrs, g1 gc, windows-amd64)
GC Precious Log:
 CardTable entry size: 512
 Card Set container configuration: InlinePtr #cards 5 size 8 Array Of Cards #cards 12 size 40 Howl #buckets 4 coarsen threshold 1843 Howl Bitmap #cards 512 size 80 coarsen threshold 460 Card regions per heap region 1 cards per card region 2048
 CPUs: 4 total, 4 available
 Memory: 7158M
 Large Page Support: Disabled
 NUMA Support: Disabled
 Compressed Oops: Enabled (32-bit)
 Heap Region Size: 1M
 Heap Min Capacity: 8M
 Heap Initial Capacity: 112M
 Heap Max Capacity: 1790M
 Pre-touch: Disabled
 Parallel Workers: 4
 Concurrent Workers: 1
 Concurrent Refinement Workers: 4
 Periodic GC: Disabled
Heap:
 garbage-first heap   total 45056K, used 30682K [0x0000000090200000, 0x0000000100000000)
  region size 1024K, 13 young (13312K), 2 survivors (2048K)
 Metaspace       used 25602K, committed 25920K, reserved 1114112K
  class space    used 3195K, committed 3328K, reserved 1048576K
GC Heap History (12 events):
Event: 3.949 GC heap before
{Heap before GC invocations=0 (full 0):
 garbage-first heap   total 114688K, used 13312K [0x0000000090200000, 0x0000000100000000)
  region size 1024K, 13 young (13312K), 0 survivors (0K)
 Metaspace       used 2622K, committed 2816K, reserved 1114112K
  class space    used 265K, committed 320K, reserved 1048576K
}
Event: 3.956 GC heap after
{Heap after GC invocations=1 (full 0):
 garbage-first heap   total 114688K, used 1916K [0x0000000090200000, 0x0000000100000000)
  region size 1024K, 2 young (2048K), 2 survivors (2048K)
 Metaspace       used 2622K, committed 2816K, reserved 1114112K
  class space    used 265K, committed 320K, reserved 1048576K
}
Event: 5.517 GC heap before
{Heap before GC invocations=1 (full 0):
 garbage-first heap   total 114688K, used 18300K [0x0000000090200000, 0x0000000100000000)
  region size 1024K, 19 young (19456K), 2 survivors (2048K)
 Metaspace       used 8375K, committed 8640K, reserved 1114112K
  class space    used 1027K, committed 1152K, reserved 1048576K
}
Event: 5.520 GC heap after
{Heap after GC invocations=2 (full 0):
 garbage-first heap   total 114688K, used 4520K [0x0000000090200000, 0x0000000100000000)
  region size 1024K, 3 young (3072K), 3 survivors (3072K)
 Metaspace       used 8375K, committed 8640K, reserved 1114112K
  class space    used 1027K, committed 1152K, reserved 1048576K
}
Event: 13.470 GC heap before
{Heap before GC invocations=2 (full 0):
 garbage-first heap   total 114688K, used 37288K [0x0000000090200000, 0x0000000100000000)
  region size 1024K, 35 young (35840K), 3 survivors (3072K)
 Metaspace       used 21168K, committed 21504K, reserved 1114112K
  class space    used 2624K, committed 2816K, reserved 1048576K
}
Event: 13.479 GC heap after
{Heap after GC invocations=3 (full 0):
 garbage-first heap   total 114688K, used 11251K [0x0000000090200000, 0x0000000100000000)
  region size 1024K, 7 young (7168K), 7 survivors (7168K)
 Metaspace       used 21168K, committed 21504K, reserved 1114112K
  class space    used 2624K, committed 2816K, reserved 1048576K
}
Event: 14.004 GC heap before
{Heap before GC invocations=4 (full 0):
 garbage-first heap   total 45056K, used 30707K [0x0000000090200000, 0x0000000100000000)
  region size 1024K, 26 young (26624K), 7 survivors (7168K)
 Metaspace       used 24079K, committed 24448K, reserved 1114112K
  class space    used 3125K, committed 3328K, reserved 1048576K
}
Event: 14.012 GC heap after
{Heap after GC invocations=5 (full 0):
 garbage-first heap   total 45056K, used 14996K [0x0000000090200000, 0x0000000100000000)
  region size 1024K, 4 young (4096K), 4 survivors (4096K)
 Metaspace       used 24079K, committed 24448K, reserved 1114112K
  class space    used 3125K, committed 3328K, reserved 1048576K
}
Event: 14.027 GC heap before
{Heap before GC invocations=5 (full 0):
 garbage-first heap   total 45056K, used 16020K [0x0000000090200000, 0x0000000100000000)
  region size 1024K, 5 young (5120K), 4 survivors (4096K)
 Metaspace       used 24099K, committed 24512K, reserved 1114112K
  class space    used 3125K, committed 3328K, reserved 1048576K
}
Event: 14.031 GC heap after
{Heap after GC invocations=6 (full 0):
 garbage-first heap   total 45056K, used 16342K [0x0000000090200000, 0x0000000100000000)
  region size 1024K, 1 young (1024K), 1 survivors (1024K)
 Metaspace       used 24099K, committed 24512K, reserved 1114112K
  class space    used 3125K, committed 3328K, reserved 1048576K
}
Event: 22.762 GC heap before
{Heap before GC invocations=6 (full 0):
 garbage-first heap   total 45056K, used 31702K [0x0000000090200000, 0x0000000100000000)
  region size 1024K, 16 young (16384K), 1 survivors (1024K)
 Metaspace       used 25371K, committed 25664K, reserved 1114112K
  class space    used 3194K, committed 3328K, reserved 1048576K
}
Event: 22.767 GC heap after
{Heap after GC invocations=7 (full 0):
 garbage-first heap   total 45056K, used 20442K [0x0000000090200000, 0x0000000100000000)
  region size 1024K, 2 young (2048K), 2 survivors (2048K)
 Metaspace       used 25371K, committed 25664K, reserved 1114112K
  class space    used 3194K, committed 3328K, reserved 1048576K
}

